2016-08-07 11:25:55pm	[c++]
2016-08-07 11:26:37pm	[c++]
2016-08-07 11:26:51pm	[java]
2016-08-07 11:26:56pm	[并发]
2016-08-07 11:27:06pm	[c++]
2016-08-07 11:37:20pm	[c++]
2016-08-07 11:38:27pm	[472381661@qq.com]	{|Effective C++-1fa4.epub|Effective Modern C++-614f.mobi|}
2016-08-08 01:14:51am	[修养]
2016-08-08 01:16:06am	[472381661@kindle.cn]	{|程序员的自我修养—链接、装载与库.pdf|}
2016-08-08 01:34:19am	[修养]
2016-08-08 01:35:15am	[472381661@kindle.cn]	{|程序员的自我修养.0008.pdf|程序员的自我修养.0007.pdf|程序员的自我修养.0009.pdf|程序员的自我修养.0010.pdf|}
2016-08-08 01:38:36am	[472381661@kindle.cn]	{|程序员的自我修养.pdf|}
2016-08-08 04:46:39pm	[opencv]
2016-08-08 09:55:45pm	[computer]
2016-08-08 09:56:12pm	[all]
2016-08-08 10:40:41pm	[c++]
2016-08-08 10:41:11pm	[mining]
2016-08-08 10:42:28pm	[意志力]
2016-08-08 10:42:32pm	[逻辑]
2016-08-08 10:42:50pm	[wangzhcs@163.com]	{|逻辑的引擎-0ec3.mobi|}
2016-08-08 11:11:32pm	[修养]
2016-08-08 11:14:19pm	[修养]
